[DEBUG - 2021-10-23 17:01:15,618] loading: Read file: Inputs/Batches/batch1.csv
[INFO - 2021-10-23 17:01:15,618] loading: Load training data
[DEBUG - 2021-10-23 17:01:15,622] loading: Read file: Inputs/marketing_data.csv
[INFO - 2021-10-23 17:01:15,622] preprocessing.data_quality: Data types are identical in the train set and the new batch ✔️
[INFO - 2021-10-23 17:01:15,622] preprocessing.data_quality: Columns names are identical in the train set and the new batch ✔️
[WARNING - 2021-10-23 17:01:15,623] preprocessing.data_quality: Column:  Income  has 10 NAN values ❌. This may cause the model not to fit.
[INFO - 2021-10-23 17:01:15,625] src.preprocessing.preprocessing: Cleaning marketing data.
[DEBUG - 2021-10-23 17:01:15,625] src.preprocessing.preprocessing: Cleaning Income column
[DEBUG - 2021-10-23 17:01:15,627] src.preprocessing.preprocessing: Cleaning dates columns.
[DEBUG - 2021-10-23 17:01:15,636] src.preprocessing.preprocessing: Dropping unique columns
[INFO - 2021-10-23 17:01:15,636] src.preprocessing.preprocessing: Enforcing types
[DEBUG - 2021-10-23 17:01:15,642] loading: Wrote file in: Outputs/Preprocessed/batch_df_preprocessed.csv
[INFO - 2021-10-23 17:01:15,643] src.monitoring.monitor_runner: Saved batch predicitons
[INFO - 2021-10-23 17:01:15,648] utils.utils: Loaded model: Outputs/Models/marketing_lightgbm.sav
[DEBUG - 2021-10-23 17:01:15,658] loading: Read file: Outputs/Preprocessed/sample_df_preprocessed.csv
[DEBUG - 2021-10-23 17:01:15,661] loading: Read file: Outputs/Predicted/sample_df_predicted.csv
[DEBUG - 2021-10-23 17:02:59,022] loading: Read file: Inputs/Batches/batch1.csv
[INFO - 2021-10-23 17:02:59,023] loading: Load training data
[DEBUG - 2021-10-23 17:02:59,030] loading: Read file: Inputs/marketing_data.csv
[INFO - 2021-10-23 17:02:59,030] preprocessing.data_quality: Data types are identical in the train set and the new batch ✔️
[INFO - 2021-10-23 17:02:59,030] preprocessing.data_quality: Columns names are identical in the train set and the new batch ✔️
[WARNING - 2021-10-23 17:02:59,032] preprocessing.data_quality: Column:  Income  has 10 NAN values ❌. This may cause the model not to fit.
[INFO - 2021-10-23 17:02:59,034] src.preprocessing.preprocessing: Cleaning marketing data.
[DEBUG - 2021-10-23 17:02:59,034] src.preprocessing.preprocessing: Cleaning Income column
[DEBUG - 2021-10-23 17:02:59,036] src.preprocessing.preprocessing: Cleaning dates columns.
[DEBUG - 2021-10-23 17:02:59,044] src.preprocessing.preprocessing: Dropping unique columns
[INFO - 2021-10-23 17:02:59,044] src.preprocessing.preprocessing: Enforcing types
[DEBUG - 2021-10-23 17:02:59,050] loading: Wrote file in: Outputs/Preprocessed/batch_df_preprocessed.csv
[INFO - 2021-10-23 17:02:59,051] src.monitoring.monitor_runner: Saved batch predicitons
[INFO - 2021-10-23 17:02:59,054] utils.utils: Loaded model: Outputs/Models/marketing_lightgbm.sav
[DEBUG - 2021-10-23 17:02:59,063] loading: Read file: Outputs/Preprocessed/sample_df_preprocessed.csv
[DEBUG - 2021-10-23 17:02:59,066] loading: Read file: Outputs/Predicted/sample_df_predicted.csv
[DEBUG - 2021-10-23 17:03:06,226] loading: Read file: Inputs/Batches/batch1.csv
[INFO - 2021-10-23 17:03:06,226] loading: Load training data
[DEBUG - 2021-10-23 17:03:06,230] loading: Read file: Inputs/marketing_data.csv
[INFO - 2021-10-23 17:03:06,231] preprocessing.data_quality: Data types are identical in the train set and the new batch ✔️
[INFO - 2021-10-23 17:03:06,231] preprocessing.data_quality: Columns names are identical in the train set and the new batch ✔️
[WARNING - 2021-10-23 17:03:06,231] preprocessing.data_quality: Column:  Income  has 10 NAN values ❌. This may cause the model not to fit.
[INFO - 2021-10-23 17:03:06,233] src.preprocessing.preprocessing: Cleaning marketing data.
[DEBUG - 2021-10-23 17:03:06,233] src.preprocessing.preprocessing: Cleaning Income column
[DEBUG - 2021-10-23 17:03:06,234] src.preprocessing.preprocessing: Cleaning dates columns.
[DEBUG - 2021-10-23 17:03:06,242] src.preprocessing.preprocessing: Dropping unique columns
[INFO - 2021-10-23 17:03:06,242] src.preprocessing.preprocessing: Enforcing types
[DEBUG - 2021-10-23 17:03:06,247] loading: Wrote file in: Outputs/Preprocessed/batch_df_preprocessed.csv
[INFO - 2021-10-23 17:03:06,247] src.monitoring.monitor_runner: Saved batch predicitons
[INFO - 2021-10-23 17:03:06,251] utils.utils: Loaded model: Outputs/Models/marketing_lightgbm.sav
[DEBUG - 2021-10-23 17:03:06,261] loading: Read file: Outputs/Preprocessed/sample_df_preprocessed.csv
[DEBUG - 2021-10-23 17:03:06,264] loading: Read file: Outputs/Predicted/sample_df_predicted.csv
[WARNING - 2021-10-23 17:03:06,294] monitoring.metrics_cov_drift: Change detected in data: 5 - at index: 63for column:Recency
[WARNING - 2021-10-23 17:03:06,296] monitoring.metrics_cov_drift: Change detected in data: 11 - at index: 127for column:Recency
[WARNING - 2021-10-23 17:03:06,296] monitoring.metrics_cov_drift: Change detected in data: 14 - at index: 159for column:Recency
[WARNING - 2021-10-23 17:03:06,297] monitoring.metrics_cov_drift: Change detected in data: 16 - at index: 191for column:Recency
[WARNING - 2021-10-23 17:03:06,298] monitoring.metrics_cov_drift: Change detected in data: 19 - at index: 223for column:Recency
[WARNING - 2021-10-23 17:03:06,298] monitoring.metrics_cov_drift: Change detected in data: 22 - at index: 255for column:Recency
[WARNING - 2021-10-23 17:03:06,299] monitoring.metrics_cov_drift: Change detected in data: 25 - at index: 287for column:Recency
[WARNING - 2021-10-23 17:03:06,300] monitoring.metrics_cov_drift: Change detected in data: 28 - at index: 319for column:Recency
[WARNING - 2021-10-23 17:03:06,300] monitoring.metrics_cov_drift: Change detected in data: 30 - at index: 351for column:Recency
[WARNING - 2021-10-23 17:03:06,301] monitoring.metrics_cov_drift: Change detected in data: 32 - at index: 383for column:Recency
[WARNING - 2021-10-23 17:03:06,302] monitoring.metrics_cov_drift: Change detected in data: 36 - at index: 415for column:Recency
[WARNING - 2021-10-23 17:03:06,302] monitoring.metrics_cov_drift: Change detected in data: 39 - at index: 447for column:Recency
[WARNING - 2021-10-23 17:03:06,303] monitoring.metrics_cov_drift: Change detected in data: 42 - at index: 479for column:Recency
[WARNING - 2021-10-23 17:03:06,303] monitoring.metrics_cov_drift: Change detected in data: 46 - at index: 511for column:Recency
[WARNING - 2021-10-23 17:03:06,304] monitoring.metrics_cov_drift: Change detected in data: 48 - at index: 543for column:Recency
[WARNING - 2021-10-23 17:03:06,305] monitoring.metrics_cov_drift: Change detected in data: 51 - at index: 575for column:Recency
[WARNING - 2021-10-23 17:03:06,305] monitoring.metrics_cov_drift: Change detected in data: 54 - at index: 607for column:Recency
[WARNING - 2021-10-23 17:03:06,306] monitoring.metrics_cov_drift: Change detected in data: 56 - at index: 639for column:Recency
[WARNING - 2021-10-23 17:03:06,307] monitoring.metrics_cov_drift: Change detected in data: 60 - at index: 671for column:Recency
[WARNING - 2021-10-23 17:03:06,307] monitoring.metrics_cov_drift: Change detected in data: 63 - at index: 703for column:Recency
[WARNING - 2021-10-23 17:03:06,308] monitoring.metrics_cov_drift: Change detected in data: 66 - at index: 735for column:Recency
[WARNING - 2021-10-23 17:03:06,309] monitoring.metrics_cov_drift: Change detected in data: 69 - at index: 767for column:Recency
[WARNING - 2021-10-23 17:03:06,309] monitoring.metrics_cov_drift: Change detected in data: 72 - at index: 799for column:Recency
[WARNING - 2021-10-23 17:03:06,310] monitoring.metrics_cov_drift: Change detected in data: 75 - at index: 831for column:Recency
[WARNING - 2021-10-23 17:03:06,310] monitoring.metrics_cov_drift: Change detected in data: 78 - at index: 863for column:Recency
[WARNING - 2021-10-23 17:03:06,311] monitoring.metrics_cov_drift: Change detected in data: 81 - at index: 895for column:Recency
[WARNING - 2021-10-23 17:03:06,312] monitoring.metrics_cov_drift: Change detected in data: 83 - at index: 927for column:Recency
[WARNING - 2021-10-23 17:03:06,312] monitoring.metrics_cov_drift: Change detected in data: 87 - at index: 959for column:Recency
[WARNING - 2021-10-23 17:03:06,313] monitoring.metrics_cov_drift: Change detected in data: 91 - at index: 991for column:Recency
[WARNING - 2021-10-23 17:03:06,314] monitoring.metrics_cov_drift: Change detected in data: 94 - at index: 1023for column:Recency
[WARNING - 2021-10-23 17:03:06,314] monitoring.metrics_cov_drift: Change detected in data: 97 - at index: 1055for column:Recency
[WARNING - 2021-10-23 17:03:06,315] monitoring.metrics_cov_drift: Change detected in data: 64 - at index: 1087for column:Recency
[WARNING - 2021-10-23 17:03:06,316] monitoring.metrics_cov_drift: Change detected in data: 76 - at index: 1119for column:Recency
[WARNING - 2021-10-23 17:03:06,316] monitoring.metrics_cov_drift: Change detected in data: 8 - at index: 1151for column:Recency
[WARNING - 2021-10-23 17:03:06,317] monitoring.metrics_cov_drift: Change detected in data: 39 - at index: 1183for column:Recency
[WARNING - 2021-10-23 17:03:06,347] monitoring.metrics_cov_drift: Change detected in data: 51500 - at index: 1119for column:MntWines
[WARNING - 2021-10-23 17:03:06,348] monitoring.metrics_cov_drift: Change detected in data: 146200 - at index: 1151for column:MntWines
[WARNING - 2021-10-23 17:03:06,349] monitoring.metrics_cov_drift: Change detected in data: 200 - at index: 1183for column:MntWines
[WARNING - 2021-10-23 17:03:06,350] monitoring.metrics_cov_drift: Change detected in data: 94800 - at index: 1247for column:MntWines
[WARNING - 2021-10-23 17:03:06,380] monitoring.metrics_cov_drift: Change detected in data: 4700 - at index: 1119for column:MntFruits
[WARNING - 2021-10-23 17:03:06,381] monitoring.metrics_cov_drift: Change detected in data: 1600 - at index: 1151for column:MntFruits
[WARNING - 2021-10-23 17:03:06,382] monitoring.metrics_cov_drift: Change detected in data: 300 - at index: 1183for column:MntFruits
[WARNING - 2021-10-23 17:03:06,383] monitoring.metrics_cov_drift: Change detected in data: 1000 - at index: 1247for column:MntFruits
[WARNING - 2021-10-23 17:03:06,413] monitoring.metrics_cov_drift: Change detected in data: 18100 - at index: 1119for column:MntMeatProducts
[WARNING - 2021-10-23 17:03:06,414] monitoring.metrics_cov_drift: Change detected in data: 12800 - at index: 1151for column:MntMeatProducts
[WARNING - 2021-10-23 17:03:06,415] monitoring.metrics_cov_drift: Change detected in data: 600 - at index: 1183for column:MntMeatProducts
[WARNING - 2021-10-23 17:03:06,416] monitoring.metrics_cov_drift: Change detected in data: 8600 - at index: 1247for column:MntMeatProducts
[WARNING - 2021-10-23 17:03:06,446] monitoring.metrics_cov_drift: Change detected in data: 14900 - at index: 1119for column:MntFishProducts
[WARNING - 2021-10-23 17:03:06,447] monitoring.metrics_cov_drift: Change detected in data: 0 - at index: 1151for column:MntFishProducts
[WARNING - 2021-10-23 17:03:06,448] monitoring.metrics_cov_drift: Change detected in data: 400 - at index: 1183for column:MntFishProducts
[WARNING - 2021-10-23 17:03:06,449] monitoring.metrics_cov_drift: Change detected in data: 1300 - at index: 1247for column:MntFishProducts
[WARNING - 2021-10-23 17:03:06,478] monitoring.metrics_cov_drift: Change detected in data: 9500 - at index: 1119for column:MntSweetProducts
[WARNING - 2021-10-23 17:03:06,479] monitoring.metrics_cov_drift: Change detected in data: 0 - at index: 1151for column:MntSweetProducts
[WARNING - 2021-10-23 17:03:06,480] monitoring.metrics_cov_drift: Change detected in data: 100 - at index: 1183for column:MntSweetProducts
[WARNING - 2021-10-23 17:03:06,481] monitoring.metrics_cov_drift: Change detected in data: 2100 - at index: 1247for column:MntSweetProducts
[WARNING - 2021-10-23 17:03:06,510] monitoring.metrics_cov_drift: Change detected in data: 9500 - at index: 1119for column:MntGoldProds
[WARNING - 2021-10-23 17:03:06,511] monitoring.metrics_cov_drift: Change detected in data: 16000 - at index: 1151for column:MntGoldProds
[WARNING - 2021-10-23 17:03:06,512] monitoring.metrics_cov_drift: Change detected in data: 900 - at index: 1183for column:MntGoldProds
[WARNING - 2021-10-23 17:03:06,513] monitoring.metrics_cov_drift: Change detected in data: 2100 - at index: 1247for column:MntGoldProds
[WARNING - 2021-10-23 17:03:06,573] monitoring.metrics_cov_drift: Change detected in data: 0 - at index: 1183for column:NumWebPurchases
[WARNING - 2021-10-23 17:03:06,575] monitoring.metrics_cov_drift: Change detected in data: 2 - at index: 1247for column:NumWebPurchases
[WARNING - 2021-10-23 17:03:06,606] monitoring.metrics_cov_drift: Change detected in data: 14 - at index: 1247for column:NumCatalogPurchases
[WARNING - 2021-10-23 17:03:06,607] monitoring.metrics_cov_drift: Change detected in data: 3 - at index: 1279for column:NumCatalogPurchases
[WARNING - 2021-10-23 17:03:06,665] monitoring.metrics_cov_drift: Change detected in data: 2 - at index: 1151for column:NumWebVisitsMonth
[WARNING - 2021-10-23 17:03:06,666] monitoring.metrics_cov_drift: Change detected in data: 2 - at index: 1183for column:NumWebVisitsMonth
[WARNING - 2021-10-23 17:03:06,666] monitoring.metrics_cov_drift: Change detected in data: 1 - at index: 1215for column:NumWebVisitsMonth
[WARNING - 2021-10-23 17:03:06,667] monitoring.metrics_cov_drift: Change detected in data: 2 - at index: 1247for column:NumWebVisitsMonth
[INFO - 2021-10-23 17:03:06,882] src.monitoring.monitor_runner: Done creating records for batch 1
[INFO - 2021-10-23 17:03:06,883] utils.utils: Appended data to Outputs/Monitoring/metrics.json
